-source
1.6
-target
1.6
-classpath
C:\Users\Kamciak\.m2\repository\aopalliance\aopalliance\1.0\aopalliance-1.0.jar;C:\Users\Kamciak\.m2\repository\c3p0\c3p0\0.9.1.1\c3p0-0.9.1.1.jar;C:\Users\Kamciak\.m2\repository\com\healthmarketscience\common\common-util\1.0.2\common-util-1.0.2.jar;C:\Users\Kamciak\.m2\repository\com\healthmarketscience\sqlbuilder\sqlbuilder\2.0.11\sqlbuilder-2.0.11.jar;C:\Users\Kamciak\.m2\repository\com\thoughtworks\xstream\xstream\1.4.6\xstream-1.4.6.jar;C:\Users\Kamciak\.m2\repository\com\vaadin\vaadin\6.8.2\vaadin-6.8.2.jar;C:\Users\Kamciak\.m2\repository\commons-codec\commons-codec\1.6\commons-codec-1.6.jar;C:\Users\Kamciak\.m2\repository\commons-dbcp\commons-dbcp\1.4\commons-dbcp-1.4.jar;C:\Users\Kamciak\.m2\repository\commons-lang\commons-lang\2.1\commons-lang-2.1.jar;C:\Users\Kamciak\.m2\repository\commons-logging\commons-logging\1.1.1\commons-logging-1.1.1.jar;C:\Users\Kamciak\.m2\repository\commons-pool\commons-pool\1.5.4\commons-pool-1.5.4.jar;C:\Users\Kamciak\.m2\repository\javax\javaee-api\6.0\javaee-api-6.0.jar;C:\Users\Kamciak\.m2\repository\javax\activation\activation\1.1\activation-1.1.jar;C:\Users\Kamciak\.m2\repository\javax\mail\mail\1.4.5\mail-1.4.5.jar;C:\Users\Kamciak\.m2\repository\joda-time\joda-time\2.3\joda-time-2.3.jar;C:\Users\Kamciak\.m2\repository\junit\junit\4.11\junit-4.11.jar;C:\Users\Kamciak\.m2\repository\log4j\log4j\1.2.17\log4j-1.2.17.jar;C:\Users\Kamciak\.m2\repository\mysql\mysql-connector-java\5.1.34\mysql-connector-java-5.1.34.jar;C:\Users\Kamciak\.m2\repository\net\lingala\zip4j\zip4j\1.3.1\zip4j-1.3.1.jar;C:\Users\Kamciak\.m2\repository\org\apache\cxf\cxf-api\2.7.10\cxf-api-2.7.10.jar;C:\Users\Kamciak\.m2\repository\org\apache\geronimo\specs\geronimo-javamail_1.4_spec\1.7.1\geronimo-javamail_1.4_spec-1.7.1.jar;C:\Users\Kamciak\.m2\repository\org\apache\ws\xmlschema\xmlschema-core\2.1.0\xmlschema-core-2.1.0.jar;C:\Users\Kamciak\.m2\repository\org\aspectj\aspectjrt\1.6.1\aspectjrt-1.6.1.jar;C:\Users\Kamciak\.m2\repository\org\aspectj\aspectjweaver\1.6.1\aspectjweaver-1.6.1.jar;C:\Users\Kamciak\.m2\repository\org\codehaus\woodstox\stax2-api\3.1.1\stax2-api-3.1.1.jar;C:\Users\Kamciak\.m2\repository\org\codehaus\woodstox\woodstox-core-asl\4.2.0\woodstox-core-asl-4.2.0.jar;C:\Users\Kamciak\.m2\repository\org\hamcrest\hamcrest-core\1.3\hamcrest-core-1.3.jar;C:\Users\Kamciak\.m2\repository\org\jsoup\jsoup\1.7.2\jsoup-1.7.2.jar;C:\Users\Kamciak\.m2\repository\org\quartz-scheduler\quartz\2.1.6\quartz-2.1.6.jar;C:\Users\Kamciak\.m2\repository\org\slf4j\slf4j-api\1.6.1\slf4j-api-1.6.1.jar;C:\Users\Kamciak\.m2\repository\org\springframework\spring\2.5.6\spring-2.5.6.jar;C:\Users\Kamciak\.m2\repository\org\springframework\spring-aop\2.5.6\spring-aop-2.5.6.jar;C:\Users\Kamciak\.m2\repository\org\springframework\spring-aspects\2.5.6\spring-aspects-2.5.6.jar;C:\Users\Kamciak\.m2\repository\org\springframework\spring-beans\2.5.6\spring-beans-2.5.6.jar;C:\Users\Kamciak\.m2\repository\org\springframework\spring-context\2.5.6\spring-context-2.5.6.jar;C:\Users\Kamciak\.m2\repository\org\springframework\spring-core\2.5.6\spring-core-2.5.6.jar;C:\Users\Kamciak\.m2\repository\wsdl4j\wsdl4j\1.6.3\wsdl4j-1.6.3.jar;C:\Users\Kamciak\.m2\repository\xmlpull\xmlpull\1.1.3.1\xmlpull-1.1.3.1.jar;C:\Users\Kamciak\.m2\repository\xpp3\xpp3_min\1.1.4c\xpp3_min-1.1.4c.jar;E:\PMSE\target\classes
-aspectpath
C:\Users\Kamciak\.m2\repository\org\springframework\spring-aspects\2.5.6\spring-aspects-2.5.6.jar
-d
E:\PMSE\target\classes
E:\PMSE\target\generated\cxf\com\thomsonreuters\wokmws\v3\woksearch\CitedReferences.java
E:\PMSE\src\main\java\com\publicationmetasearchengine\management\publicationmanagement\PublicationManagerImpl.java
E:\PMSE\src\main\java\com\publicationmetasearchengine\utils\Notificator.java
E:\PMSE\src\main\java\com\publicationmetasearchengine\data\Author.java
E:\PMSE\target\generated\cxf\com\thomsonreuters\wokmws\cxf\auth\WOKMWSAuthenticate.java
E:\PMSE\src\main\java\com\publicationmetasearchengine\gui\loginscreen\RegisterWindow.java
E:\PMSE\target\generated\cxf\com\thomsonreuters\wokmws\v3\woksearch\CitingArticles.java
E:\PMSE\src\main\java\com\publicationmetasearchengine\management\publicationmanagement\PublicationManager.java
E:\PMSE\src\main\java\com\publicationmetasearchengine\gui\toreadscreen\PublicationDownloader.java
E:\PMSE\src\main\java\com\publicationmetasearchengine\dao\filtercriterias\FilterCriteriasDAOImpl.java
E:\PMSE\src\main\java\com\publicationmetasearchengine\management\filtercriteriasmanagement\FilterCriteriaManager.java
E:\PMSE\src\main\java\com\publicationmetasearchengine\services\datacollectorservice\arxiv\parser\ArxivParser.java
E:\PMSE\target\generated\cxf\com\thomsonreuters\wokmws\v3\woksearch\FaultInformation.java
E:\PMSE\target\generated\cxf\com\thomsonreuters\wokmws\v3\woksearch\SessionException_Exception.java
E:\PMSE\target\generated\cxf\com\thomsonreuters\wokmws\v3\woksearch\RelatedRecordsResponse.java
E:\PMSE\src\main\java\com\publicationmetasearchengine\dao\users\UserDAO.java
E:\PMSE\src\main\java\com\publicationmetasearchengine\dao\sourcedbs\SourceDbDAOImpl.java
E:\PMSE\target\generated\cxf\com\thomsonreuters\wokmws\cxf\auth\WOKMWSAuthenticateService.java
E:\PMSE\src\main\java\com\publicationmetasearchengine\services\datacollectorservice\arxiv\parser\EntryParser.java
E:\PMSE\target\generated\cxf\com\thomsonreuters\wokmws\cxf\auth\InternalServerException_Exception.java
E:\PMSE\target\generated\cxf\com\thomsonreuters\wokmws\cxf\auth\ESTIWSException_Exception.java
E:\PMSE\src\main\java\com\publicationmetasearchengine\dao\users\UserDAOImpl.java
E:\PMSE\src\main\java\com\publicationmetasearchengine\dao\authors\exceptions\AuthorAlreadyExistException.java
E:\PMSE\target\generated\cxf\com\thomsonreuters\wokmws\v3\woksearch\SortField.java
E:\PMSE\target\generated\cxf\com\thomsonreuters\wokmws\v3\woksearch\FullRecordData.java
E:\PMSE\target\generated\cxf\com\thomsonreuters\wokmws\v3\woksearch\TimeSpan.java
E:\PMSE\target\generated\cxf\com\thomsonreuters\wokmws\v3\woksearch\InvalidInputException.java
E:\PMSE\src\main\java\com\publicationmetasearchengine\services\croneservice\CroneService.java
E:\PMSE\src\main\java\com\publicationmetasearchengine\PMSEApplication.java
E:\PMSE\src\main\java\com\publicationmetasearchengine\gui\searchscreen\components\Filter.java
E:\PMSE\src\main\java\com\publicationmetasearchengine\gui\ScreenPanel.java
E:\PMSE\target\generated\cxf\com\thomsonreuters\wokmws\v3\woksearch\InvalidInputException_Exception.java
E:\PMSE\target\generated\cxf\com\thomsonreuters\wokmws\cxf\auth\CloseSession.java
E:\PMSE\target\generated\cxf\com\thomsonreuters\wokmws\cxf\auth\ESTIWSException.java
E:\PMSE\src\main\java\com\publicationmetasearchengine\management\usermanagement\UserManagerImpl.java
E:\PMSE\target\generated\cxf\com\thomsonreuters\wokmws\v3\woksearch\ESTIWSException_Exception.java
E:\PMSE\target\generated\cxf\com\thomsonreuters\wokmws\cxf\auth\QueryException.java
E:\PMSE\src\main\java\com\publicationmetasearchengine\services\datacollectorservice\arxiv\ArxivDataCollector.java
E:\PMSE\src\main\java\com\publicationmetasearchengine\dao\authors\AuthorDAOImpl.java
E:\PMSE\src\main\java\com\publicationmetasearchengine\gui\searchscreen\SearchScreenPanel.java
E:\PMSE\target\generated\cxf\com\thomsonreuters\wokmws\cxf\auth\AuthenticationException_Exception.java
E:\PMSE\target\generated\cxf\com\thomsonreuters\wokmws\cxf\auth\SessionException_Exception.java
E:\PMSE\target\generated\cxf\com\thomsonreuters\wokmws\cxf\auth\package-info.java
E:\PMSE\src\main\java\com\publicationmetasearchengine\services\mailingservice\emailparts\PasswordRecoveryEmailBody.java
E:\PMSE\src\main\java\com\publicationmetasearchengine\services\mailingservice\exception\EmailNotSentException.java
E:\PMSE\src\main\java\com\publicationmetasearchengine\services\notificationservice\NotificationService.java
E:\PMSE\src\main\java\com\publicationmetasearchengine\management\authormanagement\AuthorManagerImpl.java
E:\PMSE\src\main\java\com\publicationmetasearchengine\gui\ConfirmWindow.java
E:\PMSE\target\generated\cxf\com\thomsonreuters\wokmws\cxf\auth\ObjectFactory.java
E:\PMSE\src\main\java\com\publicationmetasearchengine\gui\searchscreen\components\DateFilterPanel.java
E:\PMSE\target\generated\cxf\com\thomsonreuters\wokmws\v3\woksearch\SearchResponse.java
E:\PMSE\src\main\java\com\publicationmetasearchengine\dao\sourcetitles\exceptions\SourceTitleDoesNotExists.java
E:\PMSE\src\main\java\com\publicationmetasearchengine\services\mailingservice\MailingServiceImpl.java
E:\PMSE\target\generated\cxf\com\thomsonreuters\wokmws\v3\woksearch\WokSearchService.java
E:\PMSE\src\main\java\com\publicationmetasearchengine\dao\publications\exceptions\PublicationWithNoAuthorException.java
E:\PMSE\src\main\java\com\publicationmetasearchengine\services\datacollectorservice\bwn\BWNDataCollector.java
E:\PMSE\src\main\java\com\publicationmetasearchengine\gui\Icon.java
E:\PMSE\src\main\java\com\publicationmetasearchengine\dao\filtercriterias\exceptions\FilterCriteriasDoesNotExistException.java
E:\PMSE\src\main\java\com\publicationmetasearchengine\gui\toreadscreen\TemporaryFileDownloadResource.java
E:\PMSE\src\main\java\com\publicationmetasearchengine\services\datacollectorservice\arxiv\parser\RawEntry.java
E:\PMSE\src\main\java\com\publicationmetasearchengine\dao\sourcetitles\SourceTitleDAO.java
E:\PMSE\src\main\java\com\publicationmetasearchengine\utils\ZipUtils.java
E:\PMSE\src\main\java\com\publicationmetasearchengine\utils\validable\ValidationException.java
E:\PMSE\src\main\java\com\publicationmetasearchengine\services\datacollectorservice\wok\parser\parts\SourceInfo.java
E:\PMSE\target\generated\cxf\com\thomsonreuters\wokmws\cxf\auth\QueryException_Exception.java
E:\PMSE\src\main\java\com\publicationmetasearchengine\management\filtercriteriasmanagement\FilterCriteriaManagerImpl.java
E:\PMSE\target\generated\cxf\com\thomsonreuters\wokmws\v3\woksearch\ObjectFactory.java
E:\PMSE\target\generated\cxf\com\thomsonreuters\wokmws\cxf\auth\InternalServerException.java
E:\PMSE\src\main\java\com\publicationmetasearchengine\dao\users\exceptions\UserDoesNotExistException.java
E:\PMSE\target\generated\cxf\com\thomsonreuters\wokmws\v3\woksearch\CitedReferencesRetrieveResponse.java
E:\PMSE\target\generated\cxf\com\thomsonreuters\wokmws\v3\woksearch\CitedReferencesRetrieve.java
E:\PMSE\src\main\java\com\publicationmetasearchengine\dao\filtercriterias\FilterCriteriaDAO.java
E:\PMSE\src\main\java\com\publicationmetasearchengine\services\datacollectorservice\bwn\parser\MainTableParser.java
E:\PMSE\src\main\java\com\publicationmetasearchengine\dao\properties\PropertiesManager.java
E:\PMSE\src\main\java\com\publicationmetasearchengine\services\datacollectorservice\wok\WoKDataCollector.java
E:\PMSE\src\main\java\com\publicationmetasearchengine\utils\MySQLUtils.java
E:\PMSE\src\main\java\com\publicationmetasearchengine\utils\CryptoUtils.java
E:\PMSE\src\main\java\com\publicationmetasearchengine\services\datacollectorservice\wok\parser\parts\CategoryInfo.java
E:\PMSE\target\generated\cxf\com\thomsonreuters\wokmws\cxf\auth\SessionException.java
E:\PMSE\src\main\java\com\publicationmetasearchengine\dao\sourcetitles\SourceTitleDAOImpl.java
E:\PMSE\src\main\java\com\publicationmetasearchengine\dao\publications\exceptions\PublicationAlreadyExistException.java
E:\PMSE\src\main\java\com\publicationmetasearchengine\dao\sourcetitles\exceptions\SourceTitleAlreadyExists.java
E:\PMSE\target\generated\cxf\com\thomsonreuters\wokmws\v3\woksearch\RelatedRecords.java
E:\PMSE\target\generated\cxf\com\thomsonreuters\wokmws\v3\woksearch\CitedReference.java
E:\PMSE\target\generated\cxf\com\thomsonreuters\wokmws\v3\woksearch\AuthenticationException.java
E:\PMSE\src\main\java\com\publicationmetasearchengine\utils\PMSEConstants.java
E:\PMSE\target\generated\cxf\com\thomsonreuters\wokmws\v3\woksearch\RawFaultInformation.java
E:\PMSE\target\generated\cxf\com\thomsonreuters\wokmws\cxf\auth\InvalidInputException_Exception.java
E:\PMSE\target\generated\cxf\com\thomsonreuters\wokmws\v3\woksearch\CitedReferencesResponse.java
E:\PMSE\src\main\java\com\publicationmetasearchengine\dao\sourcedbs\SourceDbDAO.java
E:\PMSE\target\generated\cxf\com\thomsonreuters\wokmws\v3\woksearch\FullRecordSearchResults.java
E:\PMSE\src\main\java\com\publicationmetasearchengine\services\mailingservice\emailparts\EmailBody.java
E:\PMSE\target\generated\cxf\com\thomsonreuters\wokmws\v3\woksearch\SupportingWebServiceException.java
E:\PMSE\src\main\java\com\publicationmetasearchengine\utils\XMLUtils.java
E:\PMSE\src\main\java\com\publicationmetasearchengine\gui\searchscreen\components\ListFiterPanel.java
E:\PMSE\src\main\java\com\publicationmetasearchengine\gui\toreadscreen\PDFDownloader.java
E:\PMSE\src\main\java\com\publicationmetasearchengine\services\datacollectorservice\bwn\parser\ContentTableParser.java
E:\PMSE\target\generated\cxf\com\thomsonreuters\wokmws\v3\woksearch\InternalServerException_Exception.java
E:\PMSE\target\generated\cxf\com\thomsonreuters\wokmws\v3\woksearch\ESTIWSException.java
E:\PMSE\target\generated\cxf\com\thomsonreuters\wokmws\cxf\auth\Authenticate.java
E:\PMSE\src\main\java\com\publicationmetasearchengine\gui\mainmenu\MainMenuBar.java
E:\PMSE\src\main\java\com\publicationmetasearchengine\dao\authors\AuthorDAO.java
E:\PMSE\target\generated\cxf\com\thomsonreuters\wokmws\v3\woksearch\Search.java
E:\PMSE\src\main\java\com\publicationmetasearchengine\utils\DateUtils.java
E:\PMSE\src\main\java\com\publicationmetasearchengine\gui\pmsecomponents\PMSEPanel.java
E:\PMSE\target\generated\cxf\com\thomsonreuters\wokmws\v3\woksearch\CitedReferencesSearchResults.java
E:\PMSE\target\generated\cxf\com\thomsonreuters\wokmws\v3\woksearch\InternalServerException.java
E:\PMSE\src\main\java\com\publicationmetasearchengine\dao\publications\PublicationDAOImpl.java
E:\PMSE\src\main\java\com\publicationmetasearchengine\services\mailingservice\emailparts\NewNotificationEmailBody.java
E:\PMSE\src\main\java\com\publicationmetasearchengine\dao\authors\exceptions\AuthorDoesNotExistException.java
E:\PMSE\src\main\java\com\publicationmetasearchengine\gui\homescreen\HomeScreenPanel.java
E:\PMSE\src\main\java\com\publicationmetasearchengine\data\User.java
E:\PMSE\src\main\java\com\publicationmetasearchengine\data\filters\FilterCriteria.java
E:\PMSE\target\generated\cxf\com\thomsonreuters\wokmws\v3\woksearch\LabelValuesPair.java
E:\PMSE\src\main\java\com\publicationmetasearchengine\services\mailingservice\MailingService.java
E:\PMSE\src\main\java\com\publicationmetasearchengine\gui\loginscreen\ForgottenPasswordWindow.java
E:\PMSE\src\main\java\com\publicationmetasearchengine\dao\publications\PublicationDAO.java
E:\PMSE\target\generated\cxf\com\thomsonreuters\wokmws\v3\woksearch\ViewField.java
E:\PMSE\target\generated\cxf\com\thomsonreuters\wokmws\v3\woksearch\RetrieveParameters.java
E:\PMSE\src\main\java\com\publicationmetasearchengine\dao\users\exceptions\InvalidCredentialsException.java
E:\PMSE\src\main\java\com\publicationmetasearchengine\gui\homescreen\KeywordFilter.java
E:\PMSE\src\main\java\com\publicationmetasearchengine\services\datacollectorservice\wok\parser\parts\RawRecord.java
E:\PMSE\src\main\java\com\publicationmetasearchengine\gui\pmsecomponents\PMSEButton.java
E:\PMSE\target\generated\cxf\com\thomsonreuters\wokmws\v3\woksearch\RetrieveResponse.java
E:\PMSE\target\generated\cxf\com\thomsonreuters\wokmws\v3\woksearch\QueryException.java
E:\PMSE\target\generated\cxf\com\thomsonreuters\wokmws\cxf\auth\AuthenticateResponse.java
E:\PMSE\src\main\java\com\publicationmetasearchengine\gui\loginscreen\LoginScreenPanel.java
E:\PMSE\src\main\java\com\publicationmetasearchengine\gui\notificationcriteriasscreen\NotificationCriteriasScreenPanel.java
E:\PMSE\src\main\java\com\publicationmetasearchengine\data\filters\exceptions\UnsupportedFilterTypeException.java
E:\PMSE\src\main\java\com\publicationmetasearchengine\gui\homescreen\PreviewPanel.java
E:\PMSE\src\main\java\com\publicationmetasearchengine\gui\searchscreen\components\AndOrFilterPanel.java
E:\PMSE\target\generated\cxf\com\thomsonreuters\wokmws\v3\woksearch\KeyValuePair.java
E:\PMSE\src\main\java\com\publicationmetasearchengine\services\datacollectorservice\wok\parser\parts\Author.java
E:\PMSE\src\main\java\com\publicationmetasearchengine\management\usermanagement\UserManager.java
E:\PMSE\src\main\java\com\publicationmetasearchengine\dao\sourcedbs\exceptions\SourceDbDoesNotExistException.java
E:\PMSE\src\main\java\com\publicationmetasearchengine\gui\notificationcriteriasscreen\FilterCriteriasList.java
E:\PMSE\target\generated\cxf\com\thomsonreuters\wokmws\v3\woksearch\package-info.java
E:\PMSE\src\main\java\com\publicationmetasearchengine\services\ServiceManager.java
E:\PMSE\src\main\java\com\publicationmetasearchengine\data\filters\NamedFilterCriteria.java
E:\PMSE\target\generated\cxf\com\thomsonreuters\wokmws\v3\woksearch\WokSearch.java
E:\PMSE\src\main\java\com\publicationmetasearchengine\gui\searchscreen\ResultTable.java
E:\PMSE\src\main\java\com\publicationmetasearchengine\gui\toreadscreen\ToReadScreenPanel.java
E:\PMSE\src\main\java\com\publicationmetasearchengine\dao\users\exceptions\UserAlreadyExistsException.java
E:\PMSE\target\generated\cxf\com\thomsonreuters\wokmws\v3\woksearch\QueryParameters.java
E:\PMSE\src\main\java\com\publicationmetasearchengine\gui\profilescreen\ProfileScreenPanel.java
E:\PMSE\src\main\java\com\publicationmetasearchengine\dao\publications\exceptions\RelationDoesNotExistException.java
E:\PMSE\src\main\java\com\publicationmetasearchengine\services\datacollectorservice\arxiv\querybuilder\QueryBuilder.java
E:\PMSE\target\generated\cxf\com\thomsonreuters\wokmws\v3\woksearch\RetrieveByIdResponse.java
E:\PMSE\src\main\java\com\publicationmetasearchengine\gui\toreadscreen\ToReadTable.java
E:\PMSE\src\main\java\com\publicationmetasearchengine\services\mailingservice\Email.java
E:\PMSE\target\generated\cxf\com\thomsonreuters\wokmws\v3\woksearch\CitingArticlesResponse.java
E:\PMSE\target\generated\cxf\com\thomsonreuters\wokmws\cxf\auth\AuthenticationException.java
E:\PMSE\src\main\java\com\publicationmetasearchengine\dao\publications\exceptions\RelationAlreadyExistException.java
E:\PMSE\target\generated\cxf\com\thomsonreuters\wokmws\v3\woksearch\SessionException.java
E:\PMSE\target\generated\cxf\com\thomsonreuters\wokmws\v3\woksearch\Retrieve.java
E:\PMSE\src\main\java\com\publicationmetasearchengine\data\SourceDB.java
E:\PMSE\src\main\java\com\publicationmetasearchengine\data\filters\FilterType.java
E:\PMSE\src\main\java\com\publicationmetasearchengine\gui\searchscreen\FiltersPanel.java
E:\PMSE\target\generated\cxf\com\thomsonreuters\wokmws\cxf\auth\CloseSessionResponse.java
E:\PMSE\target\generated\cxf\com\thomsonreuters\wokmws\v3\woksearch\AuthenticationException_Exception.java
E:\PMSE\src\main\java\com\publicationmetasearchengine\data\Publication.java
E:\PMSE\src\main\java\com\publicationmetasearchengine\services\ServiceJobProvider.java
E:\PMSE\src\main\java\com\publicationmetasearchengine\services\mailingservice\emailparts\EmailSubject.java
E:\PMSE\src\main\java\com\publicationmetasearchengine\gui\notificationcriteriasscreen\FiltersPanel.java
E:\PMSE\src\main\java\com\publicationmetasearchengine\dao\publications\exceptions\PublicationDoesNotExistException.java
E:\PMSE\src\main\java\com\publicationmetasearchengine\management\authormanagement\AuthorManager.java
E:\PMSE\target\generated\cxf\com\thomsonreuters\wokmws\v3\woksearch\RetrieveById.java
E:\PMSE\target\generated\cxf\com\thomsonreuters\wokmws\cxf\auth\InvalidInputException.java
E:\PMSE\src\main\java\com\publicationmetasearchengine\services\datacollectorservice\wok\parser\WOKParser.java
E:\PMSE\target\generated\cxf\com\thomsonreuters\wokmws\v3\woksearch\QueryException_Exception.java
E:\PMSE\src\main\java\com\publicationmetasearchengine\utils\validable\Validable.java
E:\PMSE\src\main\java\com\publicationmetasearchengine\services\datacollectorservice\wok\parser\RecordParser.java
E:\PMSE\target\generated\cxf\com\thomsonreuters\wokmws\v3\woksearch\EditionDesc.java
E:\PMSE\src\main\java\com\publicationmetasearchengine\gui\homescreen\PublicationTable.java
E:\PMSE\src\main\java\com\publicationmetasearchengine\dao\DBSchema.java
